# Logfile created on 2015-07-05 19:43:56 +0100 by logger.rb/44203
I, [2015-07-05T19:43:56.160792 #13146]  INFO -- : 0:  RedCloth (4.2.9) from /home/simon/.rvm/gems/ruby-2.1.0/specifications/RedCloth-4.2.9.gemspec
I, [2015-07-05T19:43:56.161130 #13146]  INFO -- : 0:  i18n (0.7.0) from /home/simon/.rvm/gems/ruby-2.1.0/specifications/i18n-0.7.0.gemspec
I, [2015-07-05T19:43:58.732016 #13146]  INFO -- : 0:  json (1.8.3) from /home/simon/.rvm/gems/ruby-2.1.0/specifications/json-1.8.3.gemspec
I, [2015-07-05T19:43:59.786082 #13146]  INFO -- : 0:  minitest (5.7.0) from /home/simon/.rvm/gems/ruby-2.1.0/specifications/minitest-5.7.0.gemspec
I, [2015-07-05T19:44:00.912465 #13146]  INFO -- : 0:  thread_safe (0.3.5) from /home/simon/.rvm/gems/ruby-2.1.0/specifications/thread_safe-0.3.5.gemspec
I, [2015-07-05T19:44:00.912768 #13146]  INFO -- : 0:  tzinfo (1.2.2) from /home/simon/.rvm/gems/ruby-2.1.0/specifications/tzinfo-1.2.2.gemspec
I, [2015-07-05T19:44:02.210626 #13146]  INFO -- : 0:  activesupport (4.2.3) from /home/simon/.rvm/gems/ruby-2.1.0/specifications/activesupport-4.2.3.gemspec
I, [2015-07-05T19:44:03.181888 #13146]  INFO -- : 0:  blankslate (2.1.2.4) from /home/simon/.rvm/gems/ruby-2.1.0/specifications/blankslate-2.1.2.4.gemspec
I, [2015-07-05T19:44:03.182425 #13146]  INFO -- : 0:  hitimes (1.2.2) from /home/simon/.rvm/gems/ruby-2.1.0/specifications/hitimes-1.2.2.gemspec
I, [2015-07-05T19:44:03.182878 #13146]  INFO -- : 0:  timers (4.0.1) from /home/simon/.rvm/gems/ruby-2.1.0/specifications/timers-4.0.1.gemspec
I, [2015-07-05T19:44:03.183316 #13146]  INFO -- : 0:  celluloid (0.16.0) from /home/simon/.rvm/gems/ruby-2.1.0/specifications/celluloid-0.16.0.gemspec
I, [2015-07-05T19:44:14.660056 #13146]  INFO -- : 0:  fast-stemmer (1.0.2) from /home/simon/.rvm/gems/ruby-2.1.0/specifications/fast-stemmer-1.0.2.gemspec
I, [2015-07-05T19:44:15.665955 #13146]  INFO -- : 0:  classifier-reborn (2.0.3) from /home/simon/.rvm/gems/ruby-2.1.0/specifications/classifier-reborn-2.0.3.gemspec
I, [2015-07-05T19:44:16.649475 #13146]  INFO -- : 0:  coffee-script-source (1.9.1.1) from /home/simon/.rvm/gems/ruby-2.1.0/specifications/coffee-script-source-1.9.1.1.gemspec
I, [2015-07-05T19:44:17.716752 #13146]  INFO -- : 0:  execjs (2.5.2) from /home/simon/.rvm/gems/ruby-2.1.0/specifications/execjs-2.5.2.gemspec
I, [2015-07-05T19:44:18.712243 #13146]  INFO -- : 0:  coffee-script (2.4.1) from /home/simon/.rvm/gems/ruby-2.1.0/specifications/coffee-script-2.4.1.gemspec
I, [2015-07-05T19:44:18.712842 #13146]  INFO -- : 0:  colorator (0.1) from /home/simon/.rvm/gems/ruby-2.1.0/specifications/colorator-0.1.gemspec
I, [2015-07-05T19:44:18.713301 #13146]  INFO -- : 0:  ffi (1.9.10) from /home/simon/.rvm/gems/ruby-2.1.0/specifications/ffi-1.9.10.gemspec
I, [2015-07-05T19:44:23.515076 #13146]  INFO -- : 0:  gemoji (2.1.0) from /home/simon/.rvm/gems/ruby-2.1.0/specifications/gemoji-2.1.0.gemspec
I, [2015-07-05T19:44:24.552204 #13146]  INFO -- : 0:  net-dns (0.8.0) from /home/simon/.rvm/gems/ruby-2.1.0/specifications/net-dns-0.8.0.gemspec
I, [2015-07-05T19:44:25.670998 #13146]  INFO -- : 0:  public_suffix (1.5.1) from /home/simon/.rvm/gems/ruby-2.1.0/specifications/public_suffix-1.5.1.gemspec
I, [2015-07-05T19:44:26.695647 #13146]  INFO -- : 0:  github-pages-health-check (0.3.1) from /home/simon/.rvm/gems/ruby-2.1.0/specifications/github-pages-health-check-0.3.1.gemspec
I, [2015-07-05T19:44:27.723189 #13146]  INFO -- : 0:  jekyll-coffeescript (1.0.1) from /home/simon/.rvm/gems/ruby-2.1.0/specifications/jekyll-coffeescript-1.0.1.gemspec
I, [2015-07-05T19:44:29.040063 #13146]  INFO -- : 0:  jekyll-gist (1.2.1) from /home/simon/.rvm/gems/ruby-2.1.0/specifications/jekyll-gist-1.2.1.gemspec
I, [2015-07-05T19:44:30.018814 #13146]  INFO -- : 0:  jekyll-paginate (1.1.0) from /home/simon/.rvm/gems/ruby-2.1.0/specifications/jekyll-paginate-1.1.0.gemspec
I, [2015-07-05T19:44:30.019415 #13146]  INFO -- : 0:  sass (3.4.15) from /home/simon/.rvm/gems/ruby-2.1.0/specifications/sass-3.4.15.gemspec
I, [2015-07-05T19:44:30.988134 #13146]  INFO -- : 0:  jekyll-sass-converter (1.2.0) from /home/simon/.rvm/gems/ruby-2.1.0/specifications/jekyll-sass-converter-1.2.0.gemspec
I, [2015-07-05T19:44:30.988760 #13146]  INFO -- : 0:  rb-fsevent (0.9.5) from /home/simon/.rvm/gems/ruby-2.1.0/specifications/rb-fsevent-0.9.5.gemspec
I, [2015-07-05T19:44:30.989238 #13146]  INFO -- : 0:  rb-inotify (0.9.5) from /home/simon/.rvm/gems/ruby-2.1.0/specifications/rb-inotify-0.9.5.gemspec
I, [2015-07-05T19:44:30.989709 #13146]  INFO -- : 0:  listen (2.10.1) from /home/simon/.rvm/gems/ruby-2.1.0/specifications/listen-2.10.1.gemspec
I, [2015-07-05T19:44:30.990169 #13146]  INFO -- : 0:  jekyll-watch (1.2.1) from /home/simon/.rvm/gems/ruby-2.1.0/specifications/jekyll-watch-1.2.1.gemspec
I, [2015-07-05T19:44:32.267587 #13146]  INFO -- : 0:  kramdown (1.5.0) from /home/simon/.rvm/gems/ruby-2.1.0/specifications/kramdown-1.5.0.gemspec
I, [2015-07-05T19:44:33.257581 #13146]  INFO -- : 0:  liquid (2.6.2) from /home/simon/.rvm/gems/ruby-2.1.0/specifications/liquid-2.6.2.gemspec
I, [2015-07-05T19:44:33.257863 #13146]  INFO -- : 0:  mercenary (0.3.5) from /home/simon/.rvm/gems/ruby-2.1.0/specifications/mercenary-0.3.5.gemspec
I, [2015-07-05T19:44:34.685977 #13146]  INFO -- : 0:  posix-spawn (0.3.11) from /home/simon/.rvm/gems/ruby-2.1.0/specifications/posix-spawn-0.3.11.gemspec
I, [2015-07-05T19:44:37.498289 #13146]  INFO -- : 0:  yajl-ruby (1.2.1) from /home/simon/.rvm/gems/ruby-2.1.0/specifications/yajl-ruby-1.2.1.gemspec
I, [2015-07-05T19:44:40.237575 #13146]  INFO -- : 0:  pygments.rb (0.6.3) from /home/simon/.rvm/gems/ruby-2.1.0/specifications/pygments.rb-0.6.3.gemspec
I, [2015-07-05T19:44:43.533052 #13146]  INFO -- : 0:  redcarpet (3.3.1) from /home/simon/.rvm/gems/ruby-2.1.0/specifications/redcarpet-3.3.1.gemspec
I, [2015-07-05T19:44:43.533728 #13146]  INFO -- : 0:  safe_yaml (1.0.4) from /home/simon/.rvm/gems/ruby-2.1.0/specifications/safe_yaml-1.0.4.gemspec
I, [2015-07-05T19:44:44.640339 #13146]  INFO -- : 0:  parslet (1.5.0) from /home/simon/.rvm/gems/ruby-2.1.0/specifications/parslet-1.5.0.gemspec
I, [2015-07-05T19:44:45.641157 #13146]  INFO -- : 0:  toml (0.1.2) from /home/simon/.rvm/gems/ruby-2.1.0/specifications/toml-0.1.2.gemspec
I, [2015-07-05T19:44:46.685336 #13146]  INFO -- : 0:  jekyll (2.4.0) from /home/simon/.rvm/gems/ruby-2.1.0/specifications/jekyll-2.4.0.gemspec
I, [2015-07-05T19:44:47.726925 #13146]  INFO -- : 0:  jekyll-feed (0.3.0) from /home/simon/.rvm/gems/ruby-2.1.0/specifications/jekyll-feed-0.3.0.gemspec
I, [2015-07-05T19:44:47.727545 #13146]  INFO -- : 0:  mini_portile (0.6.2) from /home/simon/.rvm/gems/ruby-2.1.0/specifications/mini_portile-0.6.2.gemspec
I, [2015-07-05T19:44:47.728029 #13146]  INFO -- : 0:  nokogiri (1.6.6.2) from /home/simon/.rvm/gems/ruby-2.1.0/specifications/nokogiri-1.6.6.2.gemspec
I, [2015-07-05T19:44:48.820321 #13146]  INFO -- : 0:  html-pipeline (1.9.0) from /home/simon/.rvm/gems/ruby-2.1.0/specifications/html-pipeline-1.9.0.gemspec
I, [2015-07-05T19:44:49.818608 #13146]  INFO -- : 0:  jekyll-mentions (0.2.1) from /home/simon/.rvm/gems/ruby-2.1.0/specifications/jekyll-mentions-0.2.1.gemspec
I, [2015-07-05T19:44:50.818638 #13146]  INFO -- : 0:  jekyll-redirect-from (0.8.0) from /home/simon/.rvm/gems/ruby-2.1.0/specifications/jekyll-redirect-from-0.8.0.gemspec
I, [2015-07-05T19:44:51.926967 #13146]  INFO -- : 0:  jekyll-sitemap (0.8.1) from /home/simon/.rvm/gems/ruby-2.1.0/specifications/jekyll-sitemap-0.8.1.gemspec
I, [2015-07-05T19:44:52.936957 #13146]  INFO -- : 0:  jemoji (0.4.0) from /home/simon/.rvm/gems/ruby-2.1.0/specifications/jemoji-0.4.0.gemspec
I, [2015-07-05T19:44:54.083629 #13146]  INFO -- : 0:  maruku (0.7.0) from /home/simon/.rvm/gems/ruby-2.1.0/specifications/maruku-0.7.0.gemspec
I, [2015-07-05T19:44:59.088589 #13146]  INFO -- : 0:  rdiscount (2.1.7) from /home/simon/.rvm/gems/ruby-2.1.0/specifications/rdiscount-2.1.7.gemspec
I, [2015-07-05T19:45:00.053616 #13146]  INFO -- : 0:  terminal-table (1.5.2) from /home/simon/.rvm/gems/ruby-2.1.0/specifications/terminal-table-1.5.2.gemspec
I, [2015-07-05T19:45:01.088904 #13146]  INFO -- : 0:  github-pages (38) from /home/simon/.rvm/gems/ruby-2.1.0/specifications/github-pages-38.gemspec
I, [2015-07-05T19:45:01.089464 #13146]  INFO -- : 0:  bundler (1.5.1) from /home/simon/.rvm/gems/ruby-2.1.0@global/specifications/bundler-1.5.1.gemspec
